0 silly input [ 'build' ]
1 silly flags { _: [ 'run' ],
1 silly flags   'reject-cycles': false,
1 silly flags   rejectCycles: false,
1 silly flags   scope: 'checkuniquetransactions',
1 silly flags   script: 'build',
1 silly flags   args: [] }
2 verbose rootPath /home/philmunro/Workspace/BankDriveLSMLambda
3 info version 2.11.0
4 silly existsSync /home/philmunro/Workspace/BankDriveLSMLambda/VERSION
5 info scope checkuniquetransactions
6 silly initialize attempt
7 silly initialize success
8 silly execute attempt
9 silly runScriptInDir build [] checkUniqueTransactions
10 silly getExecOpts { cwd: '/home/philmunro/Workspace/BankDriveLSMLambda/packages/checkUniqueTransactions' }
11 error build Errored while running script in 'checkuniquetransactions'
12 error execute callback with error
13 error Error: Command failed: npm run build
13 error npm WARN checkuniquetransactions@1.0.0 No description
13 error npm WARN checkuniquetransactions@1.0.0 No repository field.
13 error
13 error npm ERR! Linux 4.13.0-43-generic
13 error npm ERR! argv "/usr/bin/node" "/usr/bin/npm" "run" "build"
13 error npm ERR! node v6.11.4
13 error npm ERR! npm  v3.5.2
13 error npm ERR! code ELIFECYCLE
13 error npm ERR! checkuniquetransactions@1.0.0 build: `serverless package`
13 error npm ERR! Exit status 1
13 error npm ERR!
13 error npm ERR! Failed at the checkuniquetransactions@1.0.0 build script 'serverless package'.
13 error npm ERR! Make sure you have the latest version of node.js and npm installed.
13 error npm ERR! If you do, this is most likely a problem with the checkuniquetransactions package,
13 error npm ERR! not with npm itself.
13 error npm ERR! Tell the author that this fails on your system:
13 error npm ERR!     serverless package
13 error npm ERR! You can get information on how to open an issue for this project with:
13 error npm ERR!     npm bugs checkuniquetransactions
13 error npm ERR! Or if that isn't available, you can get their info via:
13 error npm ERR!     npm owner ls checkuniquetransactions
13 error npm ERR! There is likely additional logging output above.
13 error
13 error npm ERR! Please include the following file with any support request:
13 error npm ERR!     /home/philmunro/Workspace/BankDriveLSMLambda/packages/checkUniqueTransactions/npm-debug.log
13 error
13 error > checkuniquetransactions@1.0.0 prebuild /home/philmunro/Workspace/BankDriveLSMLambda/packages/checkUniqueTransactions
13 error > npm install --only=production
13 error
13 error checkuniquetransactions@1.0.0 /home/philmunro/Workspace/BankDriveLSMLambda/packages/checkUniqueTransactions
13 error â””â”€â”€ underscore@1.9.0
13 error
13 error
13 error > checkuniquetransactions@1.0.0 build /home/philmunro/Workspace/BankDriveLSMLambda/packages/checkUniqueTransactions
13 error > serverless package
13 error
13 error _____CONFIG { entry: { handler: './handler.js' },
13 error   target: 'node',
13 error   node: { __dirname: false },
13 error   externals: [ 'aws-sdk' ],
13 error   module: {},
13 error   plugins: [] }
13 error Serverless: Bundling with Webpack...
13 error Time: [1m365[39m[22mms
13 error      [1mAsset[39m[22m     [1mSize[39m[22m  [1mChunks[39m[22m  [1m[39m[22m           [1m[39m[22m[1mChunk Names[39m[22m
13 error [1m[32mhandler.js[39m[22m  2.79 kB       [1m0[39m[22m  [1m[32m[emitted][39m[22m  handler
13 error    [0] [1m./handler.js[39m[22m 257 bytes {[1m[33m0[39m[22m}[1m[32m [built][39m[22m[1m[31m [failed][39m[22m[1m[31m [1 error][39m[22m
13 error
13 error [1m[31mERROR in ./handler.js
13 error Module parse failed: Unexpected token (117:1)
13 error You may need an appropriate loader to handle this file type.
13 error |             return disconnectDB(services);
13 error |         })
13 error | };
13 error |
13 error | const getServices = (env, region, params, services) => {[39m[22m
13 error
13 error   Error --------------------------------------------------
13 error
13 error   Webpack compilation error, see above
13 error
13 error      For debugging logs, run again after setting the "SLS_DEBUG=*" environment variable.
13 error
13 error   Get Support --------------------------------------------
13 error      Docs:          docs.serverless.com
13 error      Bugs:          github.com/serverless/serverless/issues
13 error      Issues:        forum.serverless.com
13 error
13 error   Your Environment Information -----------------------------
13 error      OS:                     linux
13 error      Node Version:           6.11.4
13 error      Serverless Version:     1.27.3
13 error
13 error
13 error     at Promise.all.then.arr (/usr/local/lib/node_modules/lerna/node_modules/execa/index.js:236:11)
